2022-12-11-restartedMain--5p-This is Debugsg
2022-12-11-restartedMain--5p-This is Infosg
2022-12-11-restartedMain--5p-This is Errorsg
2022-12-11-restartedMain--5p-This is Fatalsg
2022-12-11-restartedMain--DEBUG-com.extreme.finance.ExtremeFinanceApplication:This is Debug
2022-12-11-restartedMain--INFO -com.extreme.finance.ExtremeFinanceApplication:This is Info
2022-12-11-restartedMain--ERROR-com.extreme.finance.ExtremeFinanceApplication:This is Error
2022-12-11-restartedMain--FATAL-com.extreme.finance.ExtremeFinanceApplication:This is Fatal
2022-12-11-restartedMain--DEBUG-com.extreme.finance.ExtremeFinanceApplication:This is Debug
2022-12-11-restartedMain--INFO -com.extreme.finance.ExtremeFinanceApplication:This is Info
2022-12-11-restartedMain--ERROR-com.extreme.finance.ExtremeFinanceApplication:This is Error
2022-12-11-restartedMain--FATAL-com.extreme.finance.ExtremeFinanceApplication:This is Fatal
2022-12-11 08:40:026-restartedMain--DEBUG-com.extreme.finance.ExtremeFinanceApplication:This is Debug
2022-12-11 08:40:026-restartedMain--INFO -com.extreme.finance.ExtremeFinanceApplication:This is Info
2022-12-11 08:40:026-restartedMain--ERROR-com.extreme.finance.ExtremeFinanceApplication:This is Error
2022-12-11 08:40:026-restartedMain--FATAL-com.extreme.finance.ExtremeFinanceApplication:This is Fatal
2022-12-11 08:41:045-restartedMain--DEBUG-com.extreme.finance.ExtremeFinanceApplication:This is Debug
2022-12-11 08:41:045-restartedMain--INFO -com.extreme.finance.ExtremeFinanceApplication:This is Info
2022-12-11 08:41:045-restartedMain--ERROR-com.extreme.finance.ExtremeFinanceApplication:This is Error
2022-12-11 08:41:045-restartedMain--FATAL-com.extreme.finance.ExtremeFinanceApplication:This is Fatal
2022-12-11 08:42:012-restartedMain--DEBUG-com.extreme.finance.ExtremeFinanceApplication:This is Debug
2022-12-11 08:42:012-restartedMain--INFO -com.extreme.finance.ExtremeFinanceApplication:This is Info
2022-12-11 08:42:012-restartedMain--ERROR-com.extreme.finance.ExtremeFinanceApplication:This is Error
2022-12-11 08:42:012-restartedMain--FATAL-com.extreme.finance.ExtremeFinanceApplication:This is Fatal
2022-12-11 08:42:018-restartedMain--DEBUG-com.extreme.finance.ExtremeFinanceApplication:This is Debug
2022-12-11 08:42:018-restartedMain--INFO -com.extreme.finance.ExtremeFinanceApplication:This is Info
2022-12-11 08:42:018-restartedMain--ERROR-com.extreme.finance.ExtremeFinanceApplication:This is Error
2022-12-11 08:42:018-restartedMain--FATAL-com.extreme.finance.ExtremeFinanceApplication:This is Fatal
2022-12-11 08:42:046-restartedMain--DEBUG-com.extreme.finance.ExtremeFinanceApplication:This is Debug
2022-12-11 08:42:046-restartedMain--INFO -com.extreme.finance.ExtremeFinanceApplication:This is Info
2022-12-11 08:42:046-restartedMain--ERROR-com.extreme.finance.ExtremeFinanceApplication:This is Error
2022-12-11 08:42:046-restartedMain--FATAL-com.extreme.finance.ExtremeFinanceApplication:This is Fatal
2022-12-11 08:43:033-restartedMain--DEBUG-com.extreme.finance.ExtremeFinanceApplication:This is Debug
2022-12-11 08:43:033-restartedMain--INFO -com.extreme.finance.ExtremeFinanceApplication:This is Info
2022-12-11 08:43:033-restartedMain--ERROR-com.extreme.finance.ExtremeFinanceApplication:This is Error
2022-12-11 08:43:033-restartedMain--FATAL-com.extreme.finance.ExtremeFinanceApplication:This is Fatal
2022-12-11 08:44:030-restartedMain--DEBUG-com.extreme.finance.ExtremeFinanceApplication:This is Debug
2022-12-11 08:44:030-restartedMain--INFO -com.extreme.finance.ExtremeFinanceApplication:This is Info
2022-12-11 08:44:030-restartedMain--ERROR-com.extreme.finance.ExtremeFinanceApplication:This is Error
2022-12-11 08:44:030-restartedMain--FATAL-com.extreme.finance.ExtremeFinanceApplication:This is Fatal
2022-12-11 08:44:041-restartedMain--DEBUG-com.extreme.finance.ExtremeFinanceApplication:This is Debug
2022-12-11 08:44:041-restartedMain--INFO -com.extreme.finance.ExtremeFinanceApplication:This is Info
2022-12-11 08:44:041-restartedMain--ERROR-com.extreme.finance.ExtremeFinanceApplication:This is Error
2022-12-11 08:44:041-restartedMain--FATAL-com.extreme.finance.ExtremeFinanceApplication:This is Fatal
2022-12-11 08:45:013-restartedMain--DEBUG-com.extreme.finance.ExtremeFinanceApplication:This is Debug
2022-12-11 08:45:013-restartedMain--INFO -com.extreme.finance.ExtremeFinanceApplication:This is Info
2022-12-11 08:45:013-restartedMain--ERROR-com.extreme.finance.ExtremeFinanceApplication:This is Error
2022-12-11 08:45:013-restartedMain--FATAL-com.extreme.finance.ExtremeFinanceApplication:This is Fatal
2022-12-11 08:46:033-restartedMain--DEBUG-com.extreme.finance.ExtremeFinanceApplication:This is Debug
2022-12-11 08:46:033-restartedMain--INFO -com.extreme.finance.ExtremeFinanceApplication:This is Info
2022-12-11 08:46:033-restartedMain--ERROR-com.extreme.finance.ExtremeFinanceApplication:This is Error
2022-12-11 08:46:033-restartedMain--FATAL-com.extreme.finance.ExtremeFinanceApplication:This is Fatal
2022-12-11 08:47:052-restartedMain--DEBUG-com.extreme.finance.ExtremeFinanceApplication:This is Debug
2022-12-11 08:47:052-restartedMain--INFO -com.extreme.finance.ExtremeFinanceApplication:This is Info
2022-12-11 08:47:052-restartedMain--ERROR-com.extreme.finance.ExtremeFinanceApplication:This is Error
2022-12-11 08:47:052-restartedMain--FATAL-com.extreme.finance.ExtremeFinanceApplication:This is Fatal
2022-12-11 08:50:021-restartedMain--DEBUG-com.extreme.finance.ExtremeFinanceApplication:This is Debug
2022-12-11 08:50:022-restartedMain--INFO -com.extreme.finance.ExtremeFinanceApplication:This is Info
2022-12-11 08:50:022-restartedMain--ERROR-com.extreme.finance.ExtremeFinanceApplication:This is Error
2022-12-11 08:50:022-restartedMain--FATAL-com.extreme.finance.ExtremeFinanceApplication:This is Fatal
2022-12-11 08:50:053-restartedMain--DEBUG-com.extreme.finance.ExtremeFinanceApplication:This is Debug
2022-12-11 08:50:053-restartedMain--INFO -com.extreme.finance.ExtremeFinanceApplication:This is Info
2022-12-11 08:50:053-restartedMain--ERROR-com.extreme.finance.ExtremeFinanceApplication:This is Error
2022-12-11 08:50:053-restartedMain--FATAL-com.extreme.finance.ExtremeFinanceApplication:This is Fatal
2022-12-11 08:52:003-restartedMain--DEBUG-com.extreme.finance.ExtremeFinanceApplication:This is Debug
2022-12-11 08:52:003-restartedMain--INFO -com.extreme.finance.ExtremeFinanceApplication:This is Info
2022-12-11 08:52:003-restartedMain--ERROR-com.extreme.finance.ExtremeFinanceApplication:This is Error
2022-12-11 08:52:003-restartedMain--FATAL-com.extreme.finance.ExtremeFinanceApplication:This is Fatal
2022-12-11 08:54:006-restartedMain--DEBUG-com.extreme.finance.ExtremeFinanceApplication:This is Debug
2022-12-11 08:54:006-restartedMain--INFO -com.extreme.finance.ExtremeFinanceApplication:This is Info
2022-12-11 08:54:006-restartedMain--ERROR-com.extreme.finance.ExtremeFinanceApplication:This is Error
2022-12-11 08:54:006-restartedMain--FATAL-com.extreme.finance.ExtremeFinanceApplication:This is Fatal
2022-12-11 08:54:018-restartedMain--DEBUG-com.extreme.finance.ExtremeFinanceApplication:This is Debug
2022-12-11 08:54:018-restartedMain--INFO -com.extreme.finance.ExtremeFinanceApplication:This is Info
2022-12-11 08:54:018-restartedMain--ERROR-com.extreme.finance.ExtremeFinanceApplication:This is Error
2022-12-11 08:54:018-restartedMain--FATAL-com.extreme.finance.ExtremeFinanceApplication:This is Fatal
2022-12-11 08:55:000-restartedMain--DEBUG-com.extreme.finance.ExtremeFinanceApplication:This is Debug
2022-12-11 08:55:000-restartedMain--INFO -com.extreme.finance.ExtremeFinanceApplication:This is Info
2022-12-11 08:55:000-restartedMain--ERROR-com.extreme.finance.ExtremeFinanceApplication:This is Error
2022-12-11 08:55:000-restartedMain--FATAL-com.extreme.finance.ExtremeFinanceApplication:This is Fatal
2022-12-11 08:55:004-restartedMain--DEBUG-com.extreme.finance.ExtremeFinanceApplication:This is Debug
2022-12-11 08:55:004-restartedMain--INFO -com.extreme.finance.ExtremeFinanceApplication:This is Info
2022-12-11 08:55:004-restartedMain--ERROR-com.extreme.finance.ExtremeFinanceApplication:This is Error
2022-12-11 08:55:004-restartedMain--FATAL-com.extreme.finance.ExtremeFinanceApplication:This is Fatal
2022-12-11 08:55:029-restartedMain--DEBUG-com.extreme.finance.ExtremeFinanceApplication:This is Debug
2022-12-11 08:55:029-restartedMain--INFO -com.extreme.finance.ExtremeFinanceApplication:This is Info
2022-12-11 08:55:029-restartedMain--ERROR-com.extreme.finance.ExtremeFinanceApplication:This is Error
2022-12-11 08:55:029-restartedMain--FATAL-com.extreme.finance.ExtremeFinanceApplication:This is Fatal
2022-12-11 08:55:033-restartedMain--DEBUG-com.extreme.finance.ExtremeFinanceApplication:This is Debug
2022-12-11 08:55:033-restartedMain--INFO -com.extreme.finance.ExtremeFinanceApplication:This is Info
2022-12-11 08:55:033-restartedMain--ERROR-com.extreme.finance.ExtremeFinanceApplication:This is Error
2022-12-11 08:55:033-restartedMain--FATAL-com.extreme.finance.ExtremeFinanceApplication:This is Fatal
2022-12-11 08:57:048-http-nio-9000-exec-2--DEBUG-com.extreme.finance.controller.LoginController:In Controller :---> Login(lid=0, uname=ajay, pass=ajay@123, employeeMaster=EmployeeMaster(empmasterid=0, empname=Ajay Neharkar, address=INDIA, contactno=8796502212, emailid=ajay@gmail.com, gender=male, dateofjoin=null, createdby=ajay, modifieddate=null, active=1, deleted=0, role=Role(rid=4, rolename=BM)))
2022-12-11 08:57:048-http-nio-9000-exec-2--DEBUG-com.extreme.finance.serviceImpl.LoginServiceImpl:Login Service : Login(lid=0, uname=ajay, pass=ajay@123, employeeMaster=EmployeeMaster(empmasterid=0, empname=Ajay Neharkar, address=INDIA, contactno=8796502212, emailid=ajay@gmail.com, gender=male, dateofjoin=null, createdby=ajay, modifieddate=null, active=1, deleted=0, role=Role(rid=4, rolename=BM)))
2022-12-11 08:57:048-http-nio-9000-exec-2--INFO -com.extreme.finance.serviceImpl.LoginServiceImpl:Login Data Saved Sucessfully
2022-12-11 08:57:048-http-nio-9000-exec-2--INFO -com.extreme.finance.controller.LoginController:Operation Completed...!
2022-12-11 09:01:051-restartedMain--DEBUG-com.extreme.finance.ExtremeFinanceApplication:This is Debug
2022-12-11 09:01:051-restartedMain--INFO -com.extreme.finance.ExtremeFinanceApplication:This is Info
2022-12-11 09:01:051-restartedMain--ERROR-com.extreme.finance.ExtremeFinanceApplication:This is Error
2022-12-11 09:01:051-restartedMain--FATAL-com.extreme.finance.ExtremeFinanceApplication:This is Fatal
2022-12-11 09:02:024-restartedMain--DEBUG-com.extreme.finance.ExtremeFinanceApplication:This is Debug
2022-12-11 09:02:024-restartedMain--INFO -com.extreme.finance.ExtremeFinanceApplication:This is Info
2022-12-11 09:02:024-restartedMain--ERROR-com.extreme.finance.ExtremeFinanceApplication:This is Error
2022-12-11 09:02:024-restartedMain--FATAL-com.extreme.finance.ExtremeFinanceApplication:This is Fatal
2022-12-11 09:02:032-restartedMain--DEBUG-com.extreme.finance.ExtremeFinanceApplication:This is Debug
2022-12-11 09:02:032-restartedMain--INFO -com.extreme.finance.ExtremeFinanceApplication:This is Info
2022-12-11 09:02:032-restartedMain--ERROR-com.extreme.finance.ExtremeFinanceApplication:This is Error
2022-12-11 09:02:032-restartedMain--FATAL-com.extreme.finance.ExtremeFinanceApplication:This is Fatal
2022-12-11 09:02:051  restartedMain    DEBUG-com.extreme.finance.ExtremeFinanceApplication:This is Debug
2022-12-11 09:02:051  restartedMain    INFO -com.extreme.finance.ExtremeFinanceApplication:This is Info
2022-12-11 09:02:051  restartedMain    ERROR-com.extreme.finance.ExtremeFinanceApplication:This is Error
2022-12-11 09:02:051  restartedMain    FATAL-com.extreme.finance.ExtremeFinanceApplication:This is Fatal
2022-12-11 09:04:012  restartedMain    DEBUG-com.extreme.finance.ExtremeFinanceApplication:This is Debug
2022-12-11 09:04:012  restartedMain    INFO -com.extreme.finance.ExtremeFinanceApplication:This is Info
2022-12-11 09:04:012  restartedMain    ERROR-com.extreme.finance.ExtremeFinanceApplication:This is Error
2022-12-11 09:04:012  restartedMain    FATAL-com.extreme.finance.ExtremeFinanceApplication:This is Fatal
2022-12-11 09:05:000restartedMain  %[ x]  DEBUG-com.extreme.finance.ExtremeFinanceApplication: This is Debug 
2022-12-11 09:05:000restartedMain  %[ x]  INFO -com.extreme.finance.ExtremeFinanceApplication: This is Info 
2022-12-11 09:05:000restartedMain  %[ x]  ERROR-com.extreme.finance.ExtremeFinanceApplication: This is Error 
2022-12-11 09:05:000restartedMain  %[ x]  FATAL-com.extreme.finance.ExtremeFinanceApplication: This is Fatal 
2022-12-11 09:05:024restartedMain  %[ x]  DEBUG-com.extreme.finance.ExtremeFinanceApplication: This is Debug 
2022-12-11 09:05:024restartedMain  %[ x]  INFO -com.extreme.finance.ExtremeFinanceApplication: This is Info 
2022-12-11 09:05:024restartedMain  %[ x]  ERROR-com.extreme.finance.ExtremeFinanceApplication: This is Error 
2022-12-11 09:05:024restartedMain  %[ x]  FATAL-com.extreme.finance.ExtremeFinanceApplication: This is Fatal 
2022-12-11 09:07:056restartedMain  %[ x]  DEBUG-com.extreme.finance.ExtremeFinanceApplication: This is Debug 
2022-12-11 09:07:056restartedMain  %[ x]  INFO -com.extreme.finance.ExtremeFinanceApplication: This is Info 
2022-12-11 09:07:056restartedMain  %[ x]  ERROR-com.extreme.finance.ExtremeFinanceApplication: This is Error 
2022-12-11 09:07:056restartedMain  %[ x]  FATAL-com.extreme.finance.ExtremeFinanceApplication: This is Fatal 
2022-12-11 09:08:017restartedMain    DEBUG-com.extreme.finance.ExtremeFinanceApplication:This is Debug
2022-12-11 09:08:017restartedMain    INFO -com.extreme.finance.ExtremeFinanceApplication:This is Info
2022-12-11 09:08:017restartedMain    ERROR-com.extreme.finance.ExtremeFinanceApplication:This is Error
2022-12-11 09:08:017restartedMain    FATAL-com.extreme.finance.ExtremeFinanceApplication:This is Fatal
2022-12-11 09:13:046restartedMain    DEBUG-com.extreme.finance.ExtremeFinanceApplication:This is Debug
2022-12-11 09:13:046restartedMain    INFO -com.extreme.finance.ExtremeFinanceApplication:This is Info
2022-12-11 09:13:046restartedMain    ERROR-com.extreme.finance.ExtremeFinanceApplication:This is Error
2022-12-11 09:13:046restartedMain    FATAL-com.extreme.finance.ExtremeFinanceApplication:This is Fatal
2022-12-11 09:18:020restartedMain    DEBUG-com.extreme.finance.ExtremeFinanceApplication:This is Debug
2022-12-11 09:18:020restartedMain    INFO -com.extreme.finance.ExtremeFinanceApplication:This is Info
2022-12-11 09:18:020restartedMain    ERROR-com.extreme.finance.ExtremeFinanceApplication:This is Error
2022-12-11 09:18:020restartedMain    FATAL-com.extreme.finance.ExtremeFinanceApplication:This is Fatal
2022-12-11 09:19:028restartedMain    DEBUG-com.extreme.finance.ExtremeFinanceApplication:This is Debug
2022-12-11 09:19:028restartedMain    INFO -com.extreme.finance.ExtremeFinanceApplication:This is Info
2022-12-11 09:19:028restartedMain    ERROR-com.extreme.finance.ExtremeFinanceApplication:This is Error
2022-12-11 09:19:028restartedMain    FATAL-com.extreme.finance.ExtremeFinanceApplication:This is Fatal
2022-12-11 09:19:049restartedMain    DEBUG-com.extreme.finance.ExtremeFinanceApplication:This is Debug
2022-12-11 09:19:049restartedMain    INFO -com.extreme.finance.ExtremeFinanceApplication:This is Info
2022-12-11 09:19:049restartedMain    ERROR-com.extreme.finance.ExtremeFinanceApplication:This is Error
2022-12-11 09:19:049restartedMain    FATAL-com.extreme.finance.ExtremeFinanceApplication:This is Fatal
2022-12-11 09:20:052restartedMain    DEBUG-com.extreme.finance.ExtremeFinanceApplication:This is Debug
2022-12-11 09:20:052restartedMain    INFO -com.extreme.finance.ExtremeFinanceApplication:This is Info
2022-12-11 09:20:052restartedMain    ERROR-com.extreme.finance.ExtremeFinanceApplication:This is Error
2022-12-11 09:20:052restartedMain    FATAL-com.extreme.finance.ExtremeFinanceApplication:This is Fatal
2022-12-11 09:21:004restartedMain    DEBUG-com.extreme.finance.ExtremeFinanceApplication:This is Debug
2022-12-11 09:21:004restartedMain    INFO -com.extreme.finance.ExtremeFinanceApplication:This is Info
2022-12-11 09:21:004restartedMain    ERROR-com.extreme.finance.ExtremeFinanceApplication:This is Error
2022-12-11 09:21:004restartedMain    FATAL-com.extreme.finance.ExtremeFinanceApplication:This is Fatal
2022-12-11 09:21:030restartedMain    DEBUG-com.extreme.finance.ExtremeFinanceApplication:This is Debug
2022-12-11 09:21:030restartedMain    INFO -com.extreme.finance.ExtremeFinanceApplication:This is Info
2022-12-11 09:21:030restartedMain    ERROR-com.extreme.finance.ExtremeFinanceApplication:This is Error
2022-12-11 09:21:030restartedMain    FATAL-com.extreme.finance.ExtremeFinanceApplication:This is Fatal
2022-12-11 09:23:011restartedMain    DEBUG-com.extreme.finance.ExtremeFinanceApplication:This is Debug
2022-12-11 09:23:011restartedMain    INFO -com.extreme.finance.ExtremeFinanceApplication:This is Info
2022-12-11 09:23:011restartedMain    ERROR-com.extreme.finance.ExtremeFinanceApplication:This is Error
2022-12-11 09:23:011restartedMain    FATAL-com.extreme.finance.ExtremeFinanceApplication:This is Fatal
2022-12-11 09:24:018restartedMain    DEBUG-com.extreme.finance.ExtremeFinanceApplication:This is Debug
2022-12-11 09:24:018restartedMain    INFO -com.extreme.finance.ExtremeFinanceApplication:This is Info
2022-12-11 09:24:018restartedMain    ERROR-com.extreme.finance.ExtremeFinanceApplication:This is Error
2022-12-11 09:24:018restartedMain    FATAL-com.extreme.finance.ExtremeFinanceApplication:This is Fatal
2022-12-11 09:24:036restartedMain    DEBUG-com.extreme.finance.ExtremeFinanceApplication:This is Debug
2022-12-11 09:24:036restartedMain    INFO -com.extreme.finance.ExtremeFinanceApplication:This is Info
2022-12-11 09:24:036restartedMain    ERROR-com.extreme.finance.ExtremeFinanceApplication:This is Error
2022-12-11 09:24:036restartedMain    FATAL-com.extreme.finance.ExtremeFinanceApplication:This is Fatal
2022-12-11 09:25:051restartedMain    DEBUG-com.extreme.finance.ExtremeFinanceApplication:This is Debug
2022-12-11 09:25:051restartedMain    INFO -com.extreme.finance.ExtremeFinanceApplication:This is Info
2022-12-11 09:25:051restartedMain    ERROR-com.extreme.finance.ExtremeFinanceApplication:This is Error
2022-12-11 09:25:051restartedMain    FATAL-com.extreme.finance.ExtremeFinanceApplication:This is Fatal
